  ___  _____                               
 / _ \|  ___|                              
/ /_\ \ |____  ____ _ _ __ ___   ___ _ __  
|  _  |  __\ \/ / _` | '_ ` _ \ / _ \ '_ \ 
| | | | |___>  < (_| | | | | | |  __/ | | |
\_| |_|____/_/\_\__,_|_| |_| |_|\___|_| |_|
                                           
-------------------------LOG STARTS HERE-------------------------

[25/03/2019 - 17:29:15] : USER --> id 1 - nuñez, Fernando | ACTION --> Reiniciar log 
-----------------------------------------------------------------
[25/03/2019 - 17:29:19] : USER --> id 1 - nuñez, Fernando | ACTION --> Inicio de sesión  de fernu@gmail.com
-----------------------------------------------------------------
[27/03/2019 - 16:48:02] : USER --> id 1 - nuñez, Fernando | ACTION --> Inicio de sesión  de fernu@gmail.com
-----------------------------------------------------------------
[27/03/2019 - 19:29:54] : USER --> id 3 - Fernández, Paco | ACTION --> Inicio de sesión  de pafer@gmail.com
-----------------------------------------------------------------
[27/03/2019 - 19:30:07] : USER --> id  - ,  | ACTION --> Cierre de sesión  de 
-----------------------------------------------------------------
[27/03/2019 - 19:30:12] : USER --> id 1 - nu?ez, Fernando | ACTION --> Inicio de sesión  de fernu@gmail.com
-----------------------------------------------------------------
[29/03/2019 - 20:47:38] : USER --> id 1 - nu?ez, Fernando | ACTION --> Inicio de sesión  de fernu@gmail.com
-----------------------------------------------------------------
[29/03/2019 - 21:26:50] : USER --> id 1 - nu?ez, Fernando | ACTION --> Cambio de contraseña
-----------------------------------------------------------------
[29/03/2019 - 21:26:57] : USER --> id 1 - nu?ez, Fernando | ACTION --> Cambio de contraseña
-----------------------------------------------------------------
[29/03/2019 - 21:26:58] : USER --> id  - ,  | ACTION --> Cierre de sesión  de 
-----------------------------------------------------------------
[29/03/2019 - 21:27:02] : USER --> id 1 - nu?ez, Fernando | ACTION --> Inicio de sesión  de fernu@gmail.com
-----------------------------------------------------------------
[29/03/2019 - 21:27:06] : USER --> id  - ,  | ACTION --> Cierre de sesión  de 
-----------------------------------------------------------------
[29/03/2019 - 21:27:17] : USER --> id 1 - nu?ez, Fernando | ACTION --> Inicio de sesión  de fernu@gmail.com
-----------------------------------------------------------------
[29/03/2019 - 21:27:25] : USER --> id 1 - nu?ez, Fernando | ACTION --> Cambio de contraseña
-----------------------------------------------------------------
[29/03/2019 - 21:33:04] : USER --> id 1 - nu?ez (apellidos anteriores), Fernando | ACTION --> Cambio de apellidos a asdf
-----------------------------------------------------------------
[29/03/2019 - 21:33:51] : USER --> id 1 - asdf, Fernando | ACTION --> Cambio de contraseña
-----------------------------------------------------------------
[29/03/2019 - 21:33:53] : USER --> id  - ,  | ACTION --> Cierre de sesión  de 
-----------------------------------------------------------------
[29/03/2019 - 21:33:58] : USER --> id 1 - asdf, Fernando | ACTION --> Inicio de sesión  de fernu@gmail.com
-----------------------------------------------------------------
[29/03/2019 - 21:34:03] : USER --> id 1 - asdf, Fernando | ACTION --> Cambio de contraseña
-----------------------------------------------------------------
[29/03/2019 - 21:35:15] : USER --> id 1 - asdf (apellidos anteriores), Fernando | ACTION --> Cambio de apellidos a asdfsd
-----------------------------------------------------------------
[29/03/2019 - 21:36:18] : USER --> id 1 - asdfsd, Fernando (nombre anterior) | ACTION --> Cambio de nombre a asdfad
-----------------------------------------------------------------
[29/03/2019 - 21:36:22] : USER --> id 1 - asdfsd, asdfad (nombre anterior) | ACTION --> Cambio de nombre a fdseace
-----------------------------------------------------------------
[29/03/2019 - 21:39:25] : USER --> id 3 - Fernández, Paco | ACTION --> Inicio de sesión  de pafer@gmail.com
-----------------------------------------------------------------
[29/03/2019 - 22:42:54] : USER --> id  - ,  | ACTION --> Cierre de sesión  de 
-----------------------------------------------------------------
[29/03/2019 - 22:42:58] : USER --> id 3 - Fernández, Paco | ACTION --> Inicio de sesión  de pafer@gmail.com
-----------------------------------------------------------------
[29/03/2019 - 22:43:14] : USER --> id  - ,  | ACTION --> Cierre de sesión  de 
-----------------------------------------------------------------
[29/03/2019 - 22:43:18] : USER --> id 1 - asdfsd, fdseace | ACTION --> Inicio de sesión  de fernu@gmail.com
-----------------------------------------------------------------
[29/03/2019 - 22:49:19] : USER --> id  - ,  | ACTION --> Cierre de sesión  de 
-----------------------------------------------------------------
[29/03/2019 - 22:49:27] : USER --> id 4 - Carnero, Manolito | ACTION --> Inicio de sesión  de macar@gmail.com
-----------------------------------------------------------------
[31/03/2019 - 11:38:24] : USER --> id  - ,  | ACTION --> Cierre de sesión  de 
-----------------------------------------------------------------
[31/03/2019 - 11:38:29] : USER --> id 3 - Fernández, Paco | ACTION --> Inicio de sesión  de pafer@gmail.com
-----------------------------------------------------------------
[31/03/2019 - 11:38:44] : USER --> id  - ,  | ACTION --> Cierre de sesión  de 
-----------------------------------------------------------------
[31/03/2019 - 11:38:49] : USER --> id 1 - nuñez, Fernando | ACTION --> Inicio de sesión  de fernu@gmail.com
-----------------------------------------------------------------
[31/03/2019 - 12:34:27] : USER --> id  - ,  | ACTION --> Cierre de sesión  de 
-----------------------------------------------------------------
[31/03/2019 - 12:34:38] : USER --> id 3 - Fernández, Paco | ACTION --> Inicio de sesión  de pafer@gmail.com
-----------------------------------------------------------------
[31/03/2019 - 12:34:52] : USER --> id  - ,  | ACTION --> Cierre de sesión  de 
-----------------------------------------------------------------
[31/03/2019 - 12:34:57] : USER --> id 1 - nuñez, Fernando | ACTION --> Inicio de sesión  de fernu@gmail.com
-----------------------------------------------------------------
[04/04/2019 - 23:45:19] : USER --> id 1 - nu?ez, Fernando | ACTION --> Inicio de sesión  de fernu@gmail.com
-----------------------------------------------------------------
[04/04/2019 - 23:50:58] : USER --> id  - ,  | ACTION --> Cierre de sesión  de 
-----------------------------------------------------------------
[04/04/2019 - 23:51:03] : USER --> id 1 - nu?ez, Fernando | ACTION --> Inicio de sesión  de fernu@gmail.com
-----------------------------------------------------------------
[04/04/2019 - 23:51:54] : USER --> id 1 - nu?ez, Fernando | ACTION --> Cierre de sesión  de fernu@gmail.com
-----------------------------------------------------------------
[04/04/2019 - 23:51:59] : USER --> id 1 - nu?ez, Fernando | ACTION --> Inicio de sesión  de fernu@gmail.com
-----------------------------------------------------------------
[04/04/2019 - 23:52:02] : USER --> id 1 - nu?ez, Fernando | ACTION --> Cierre de sesión  de fernu@gmail.com
-----------------------------------------------------------------
[04/04/2019 - 23:52:06] : USER --> id 1 - nu?ez, Fernando | ACTION --> Inicio de sesión  de fernu@gmail.com
-----------------------------------------------------------------
[07/04/2019 - 13:53:25] : USER --> id 3 - Fernández, Paco | ACTION --> Inicio de sesión  de pafer@gmail.com
-----------------------------------------------------------------
[07/04/2019 - 13:53:30] : USER --> id 3 - Fernández, Paco | ACTION --> Cierre de sesión  de pafer@gmail.com
-----------------------------------------------------------------
[07/04/2019 - 13:53:34] : USER --> id 1 - asdfsd, fdseace | ACTION --> Inicio de sesión  de fernu@gmail.com
-----------------------------------------------------------------
[07/04/2019 - 17:50:45] : USER --> id 1 - asdfsd, fdseace | ACTION --> Cierre de sesión  de fernu@gmail.com
-----------------------------------------------------------------
[07/04/2019 - 17:50:50] : USER --> id 3 - Fernández, Paco | ACTION --> Inicio de sesión  de pafer@gmail.com
-----------------------------------------------------------------
[07/04/2019 - 17:51:50] : USER --> id 3 - Fernández, Paco | ACTION --> Cierre de sesión  de pafer@gmail.com
-----------------------------------------------------------------
[07/04/2019 - 17:51:54] : USER --> id 1 - asdfsd, fdseace | ACTION --> Inicio de sesión  de fernu@gmail.com
-----------------------------------------------------------------
[07/04/2019 - 21:19:09] : USER --> id 3 - Fernández, Paco | ACTION --> Inicio de sesión  de pafer@gmail.com
-----------------------------------------------------------------
[07/04/2019 - 21:19:12] : USER --> id 3 - Fernández, Paco | ACTION --> Cierre de sesión  de pafer@gmail.com
-----------------------------------------------------------------
[07/04/2019 - 21:19:16] : USER --> id 1 - nuñez, Fernando | ACTION --> Inicio de sesión  de fernu@gmail.com
-----------------------------------------------------------------
[07/04/2019 - 21:19:21] : USER --> id 1 - nuñez, Fernando | ACTION --> Aceptar petición #2 de samugarcia9696@gmail.com - MORENO, FATIMA
-----------------------------------------------------------------
[07/04/2019 - 21:19:48] : USER --> id 1 - nuñez, Fernando | ACTION --> Cierre de sesión  de fernu@gmail.com
-----------------------------------------------------------------
[07/04/2019 - 21:27:19] : USER --> id 1 - nuñez, Fernando | ACTION --> Inicio de sesión  de fernu@gmail.com
-----------------------------------------------------------------
[07/04/2019 - 21:39:57] : USER --> id 1 - nuñez, Fernando | ACTION --> Cierre de sesión  de fernu@gmail.com
-----------------------------------------------------------------
[07/04/2019 - 21:40:30] : USER --> id 1 - nuñez, Fernando | ACTION --> Inicio de sesión  de fernu@gmail.com
-----------------------------------------------------------------
[07/04/2019 - 21:40:34] : USER --> id 1 - nuñez, Fernando | ACTION --> Aceptar petición #4 de samugarcia9696a@gmail.com - MORENO, FATIMA
-----------------------------------------------------------------
[07/04/2019 - 21:40:41] : USER --> id 1 - nuñez, Fernando | ACTION --> Cierre de sesión  de fernu@gmail.com
-----------------------------------------------------------------
[07/04/2019 - 21:40:45] : USER --> id 18 - MORENO, FATIMA | ACTION --> Inicio de sesión  de samugarcia9696a@gmail.com
-----------------------------------------------------------------
[07/04/2019 - 21:40:47] : USER --> id 18 - MORENO, FATIMA | ACTION --> Cierre de sesión  de samugarcia9696a@gmail.com
-----------------------------------------------------------------
[07/04/2019 - 21:42:48] : USER --> id  - ,  | ACTION --> Cierre de sesión  de 
-----------------------------------------------------------------
[08/04/2019 - 22:59:59] : USER --> id 1 - nuñez, Fernando | ACTION --> Inicio de sesión  de fernu@gmail.com
-----------------------------------------------------------------
[08/04/2019 - 23:34:05] : USER --> id 1 - nuñez, Fernando | ACTION --> Cierre de sesión  de fernu@gmail.com
-----------------------------------------------------------------
[08/04/2019 - 23:34:08] : USER --> id 3 - Fernández, Paco | ACTION --> Inicio de sesión  de pafer@gmail.com
-----------------------------------------------------------------
[08/04/2019 - 23:38:02] : USER --> id 3 - Fernández, Paco | ACTION --> Cierre de sesión  de pafer@gmail.com
-----------------------------------------------------------------
[08/04/2019 - 23:44:05] : USER --> id 3 - Fernández, Paco | ACTION --> Inicio de sesión  de pafer@gmail.com
-----------------------------------------------------------------
[08/04/2019 - 23:44:15] : USER --> id 3 - Fernández (apellidos anteriores), Paco | ACTION --> Cambio de apellidos a Fernándezñ
-----------------------------------------------------------------
[08/04/2019 - 23:44:21] : USER --> id 3 - Fernándezñ (apellidos anteriores), Paco | ACTION --> Cambio de apellidos a Fernández
-----------------------------------------------------------------
[08/04/2019 - 23:44:33] : USER --> id 3 - Fernández, Paco | ACTION --> Cierre de sesión  de pafer@gmail.com
-----------------------------------------------------------------
[08/04/2019 - 23:46:02] : USER --> id 1 - nuñez, Fernando | ACTION --> Inicio de sesión  de fernu@gmail.com
-----------------------------------------------------------------
[08/04/2019 - 23:46:07] : USER --> id 1 - nuñez, Fernando | ACTION --> Aceptar petición #1 de samugarcia9696a@gmail.com - Moreno, Samuel
-----------------------------------------------------------------
[08/04/2019 - 23:46:38] : USER --> id 1 - nuñez, Fernando | ACTION --> Cierre de sesión  de fernu@gmail.com
-----------------------------------------------------------------
[09/04/2019 - 00:03:20] : USER --> id 5 - Moreno, Samuel | ACTION --> Inicio de sesión  de samugarcia9696a@gmail.com
-----------------------------------------------------------------
[09/04/2019 - 00:03:47] : USER --> id 5 - Moreno, Samuel | ACTION --> Cierre de sesión  de samugarcia9696a@gmail.com
-----------------------------------------------------------------
[09/04/2019 - 00:08:46] : USER --> id 5 - Moreno, Samuel | ACTION --> Inicio de sesión  de samugarcia9696a@gmail.com
-----------------------------------------------------------------
[09/04/2019 - 00:08:48] : USER --> id 5 - Moreno, Samuel | ACTION --> Cierre de sesión  de samugarcia9696a@gmail.com
-----------------------------------------------------------------
[10/04/2019 - 19:09:35] : USER --> id 3 - Fernández, Paco | ACTION --> Inicio de sesión  de pafer@gmail.com
-----------------------------------------------------------------
[10/04/2019 - 19:40:58] : USER --> id 3 - Fernández, Paco | ACTION --> Cierre de sesión  de pafer@gmail.com
-----------------------------------------------------------------
[10/04/2019 - 19:41:02] : USER --> id 1 - asdfsd, fdseace | ACTION --> Inicio de sesión  de fernu@gmail.com
-----------------------------------------------------------------
[10/04/2019 - 19:44:24] : USER --> id 1 - asdfsd, fdseace | ACTION --> Cierre de sesión  de fernu@gmail.com
-----------------------------------------------------------------
[10/04/2019 - 19:44:30] : USER --> id 3 - Fernández, Paco | ACTION --> Inicio de sesión  de pafer@gmail.com
-----------------------------------------------------------------
[10/04/2019 - 19:44:48] : USER --> id 3 - Fernández, Paco | ACTION --> Cierre de sesión  de pafer@gmail.com
-----------------------------------------------------------------
[10/04/2019 - 19:45:52] : USER --> id 3 - Fernández, Paco | ACTION --> Inicio de sesión  de pafer@gmail.com
-----------------------------------------------------------------
[10/04/2019 - 19:55:04] : USER --> id 3 - Fernández, Paco | ACTION --> Cierre de sesión  de pafer@gmail.com
-----------------------------------------------------------------
[10/04/2019 - 19:55:08] : USER --> id 3 - Fernández, Paco | ACTION --> Inicio de sesión  de pafer@gmail.com
-----------------------------------------------------------------
[10/04/2019 - 20:04:41] : USER --> id 3 - Fernández, Paco | ACTION --> Cierre de sesión  de pafer@gmail.com
-----------------------------------------------------------------
[10/04/2019 - 20:04:45] : USER --> id 1 - asdfsd, fdseace | ACTION --> Inicio de sesión  de fernu@gmail.com
-----------------------------------------------------------------
[10/04/2019 - 20:05:31] : USER --> id 1 - asdfsd, fdseace (nombre anterior) | ACTION --> Cambio de nombre a asdfas
-----------------------------------------------------------------
[13/04/2019 - 22:04:08] : USER --> id 3 - Fernández, Paco | ACTION --> Inicio de sesión  de pafer@gmail.com
-----------------------------------------------------------------
[14/04/2019 - 19:29:07] : USER --> id 3 - Fernández, Paco | ACTION --> Inicio de sesión  de pafer@gmail.com
-----------------------------------------------------------------
[14/04/2019 - 19:42:59] : USER --> id 3 - Fernández, Paco | ACTION --> pafer@gmail.comcreo una nueva pregunta en la asignatura Ingenieria del software
-----------------------------------------------------------------
[14/04/2019 - 19:43:18] : USER --> id 1 - asdfsd, asdfas | ACTION --> Inicio de sesión  de fernu@gmail.com
-----------------------------------------------------------------
[14/04/2019 - 19:50:52] : USER --> id 3 - Fernández, Paco | ACTION --> pafer@gmail.com borro una pregunta de la asignatura  como coordinador o como administrador 
-----------------------------------------------------------------
[14/04/2019 - 19:51:00] : USER --> id 3 - Fernández, Paco | ACTION --> pafer@gmail.com creo una nueva pregunta en la asignatura Ingenieria del software
-----------------------------------------------------------------
[14/04/2019 - 19:53:34] : USER --> id 3 - Fernández, Paco | ACTION --> pafer@gmail.com borro una pregunta de la asignatura  como coordinador o como administrador 
-----------------------------------------------------------------
[14/04/2019 - 19:54:18] : USER --> id 3 - Fernández, Paco | ACTION --> pafer@gmail.com creo una nueva pregunta en la asignatura Ingenieria del software
-----------------------------------------------------------------
[14/04/2019 - 19:54:23] : USER --> id 3 - Fernández, Paco | ACTION --> pafer@gmail.com borro una pregunta de la asignatura  como coordinador o como administrador 
-----------------------------------------------------------------
[14/04/2019 - 19:55:13] : USER --> id 3 - Fernández, Paco | ACTION --> pafer@gmail.com creo una nueva pregunta en la asignatura Ingenieria del software
-----------------------------------------------------------------
[14/04/2019 - 19:55:19] : USER --> id 3 - Fernández, Paco | ACTION --> pafer@gmail.com borro una pregunta de la asignatura  como coordinador o como administrador 
-----------------------------------------------------------------
[14/04/2019 - 19:58:44] : USER --> id 3 - Fernández, Paco | ACTION --> pafer@gmail.com creo una nueva pregunta en la asignatura Ingenieria del software
-----------------------------------------------------------------
[14/04/2019 - 19:58:53] : USER --> id 3 - Fernández, Paco | ACTION --> pafer@gmail.com borro una pregunta de la asignatura  como coordinador o como administrador 
-----------------------------------------------------------------
[14/04/2019 - 20:00:20] : USER --> id 3 - Fernández, Paco | ACTION --> pafer@gmail.com creo una nueva pregunta en la asignatura Ingenieria del software
-----------------------------------------------------------------
[14/04/2019 - 20:00:26] : USER --> id 3 - Fernández, Paco | ACTION --> pafer@gmail.com borro una pregunta de la asignatura Ingenieria del software como coordinador o como administrador 
-----------------------------------------------------------------
[14/04/2019 - 20:02:01] : USER --> id 3 - Fernández, Paco | ACTION --> pafer@gmail.com creo una nueva pregunta en la asignatura Ingenieria del software
-----------------------------------------------------------------
[14/04/2019 - 20:02:07] : USER --> id 3 - Fernández, Paco | ACTION --> pafer@gmail.com borro una pregunta de la asignatura Ingenieria del software como coordinador o como administrador 
-----------------------------------------------------------------
[14/04/2019 - 20:02:47] : USER --> id 3 - Fernández, Paco | ACTION --> Cierre de sesión  de pafer@gmail.com
-----------------------------------------------------------------
[14/04/2019 - 20:02:56] : USER --> id 4 - Carnero, Manolito | ACTION --> Inicio de sesión  de macar@gmail.com
-----------------------------------------------------------------
[14/04/2019 - 20:03:10] : USER --> id 4 - Carnero, Manolito | ACTION --> macar@gmail.com creo una nueva pregunta en la asignatura Ingenieria del software
-----------------------------------------------------------------
[14/04/2019 - 20:03:21] : USER --> id 4 - Carnero, Manolito | ACTION --> macar@gmail.com borro una pregunta de la asignatura Ingenieria del software
-----------------------------------------------------------------
[14/04/2019 - 20:04:14] : USER --> id 4 - Carnero, Manolito | ACTION --> Cierre de sesión  de macar@gmail.com
-----------------------------------------------------------------
[14/04/2019 - 20:04:19] : USER --> id 3 - Fernández, Paco | ACTION --> Inicio de sesión  de pafer@gmail.com
-----------------------------------------------------------------
[14/04/2019 - 20:04:31] : USER --> id 3 - Fernández, Paco | ACTION --> pafer@gmail.com creo una nueva pregunta en la asignatura Ingenieria del software
-----------------------------------------------------------------
[14/04/2019 - 20:04:37] : USER --> id 3 - Fernández, Paco | ACTION --> pafer@gmail.com borró una pregunta de la asignatura Ingenieria del software como coordinador o como administrador 
-----------------------------------------------------------------
[15/04/2019 - 19:27:00] : USER --> id 3 - Fernández, Paco | ACTION --> Inicio de sesión  de pafer@gmail.com
-----------------------------------------------------------------
[15/04/2019 - 20:15:44] : USER --> id 3 - Fernández, Paco | ACTION --> Cierre de sesión  de pafer@gmail.com
-----------------------------------------------------------------
[15/04/2019 - 20:16:09] : USER --> id 1 - nu?ez, Fernando | ACTION --> Inicio de sesión  de fernu@gmail.com
-----------------------------------------------------------------
[21/04/2019 - 19:51:36] : USER --> id 3 - Fernández, Paco | ACTION --> Inicio de sesión  de pafer@gmail.com
-----------------------------------------------------------------
[21/04/2019 - 20:06:57] : USER --> id 3 - Fernández, Paco | ACTION --> Cierre de sesión  de pafer@gmail.com
-----------------------------------------------------------------
[21/04/2019 - 20:16:12] : USER --> id 3 - Fernández, Paco | ACTION --> Inicio de sesión  de pafer@gmail.com
-----------------------------------------------------------------
[21/04/2019 - 20:20:05] : USER --> id 3 - Fernández, Paco | ACTION --> Cierre de sesión  de pafer@gmail.com
-----------------------------------------------------------------
[21/04/2019 - 20:20:09] : USER --> id 3 - Fernández, Paco | ACTION --> Inicio de sesión  de pafer@gmail.com
-----------------------------------------------------------------
[21/04/2019 - 20:20:11] : USER --> id 3 - Fernández, Paco | ACTION --> Cierre de sesión  de pafer@gmail.com
-----------------------------------------------------------------
[21/04/2019 - 20:25:32] : USER --> id 3 - Fernández, Paco | ACTION --> Inicio de sesión  de pafer@gmail.com
-----------------------------------------------------------------
[21/04/2019 - 21:03:25] : USER --> id 3 - Fernández, Paco | ACTION --> Cierre de sesión  de pafer@gmail.com
-----------------------------------------------------------------
[21/04/2019 - 21:03:41] : USER --> id 3 - Fernández, Paco | ACTION --> Inicio de sesión  de pafer@gmail.com
-----------------------------------------------------------------
[21/04/2019 - 21:03:47] : USER --> id 3 - Fernández, Paco | ACTION --> Cierre de sesión  de pafer@gmail.com
-----------------------------------------------------------------
[21/04/2019 - 21:05:08] : USER --> id 3 - Fernández, Paco | ACTION --> Inicio de sesión  de pafer@gmail.com
-----------------------------------------------------------------
[21/04/2019 - 21:05:44] : USER --> id 3 - Fernández, Paco | ACTION --> Cierre de sesión  de pafer@gmail.com
-----------------------------------------------------------------
[21/04/2019 - 21:05:53] : USER --> id 3 - Fernández, Paco | ACTION --> Inicio de sesión  de pafer@gmail.com
-----------------------------------------------------------------
[21/04/2019 - 21:06:23] : USER --> id 3 - Fernández, Paco | ACTION --> Cierre de sesión  de pafer@gmail.com
-----------------------------------------------------------------
[21/04/2019 - 21:09:47] : USER --> id 3 - Fernández, Paco | ACTION --> Inicio de sesión  de pafer@gmail.com
-----------------------------------------------------------------
[22/04/2019 - 16:16:10] : USER --> id 3 - Fernández, Paco | ACTION --> Cierre de sesión  de pafer@gmail.com
-----------------------------------------------------------------
[22/04/2019 - 16:16:26] : USER --> id 3 - Fernández, Paco | ACTION --> Inicio de sesión  de pafer@gmail.com
-----------------------------------------------------------------
