[08/06/2019 - 16:48:17] : USER --> id 4 - Carnero, Manolito | ACTION --> Inicio de sesión  de macar@gmail.com
-----------------------------------------------------------------
[10/06/2019 - 17:49:48] : USER --> id 3 - Fernández, Paco | ACTION --> Inicio de sesión  de pafer@gmail.com
-----------------------------------------------------------------
[10/06/2019 - 18:30:02] : USER --> id 3 - Fernández, Paco | ACTION --> Inicio de sesión  de pafer@gmail.com
-----------------------------------------------------------------
[10/06/2019 - 18:30:29] : USER --> id 1 - asdfsd, asdfas | ACTION --> Inicio de sesión  de fernu@gmail.com
-----------------------------------------------------------------
[10/06/2019 - 18:44:12] : USER --> id 3 - Fernández, Paco | ACTION --> Cierre de sesión  de pafer@gmail.com
-----------------------------------------------------------------
[10/06/2019 - 18:46:11] : USER --> id 3 - Fernández, Paco | ACTION --> Inicio de sesión  de pafer@gmail.com
-----------------------------------------------------------------
[10/06/2019 - 18:46:16] : USER --> id 3 - Fernández, Paco | ACTION --> Cierre de sesión  de pafer@gmail.com
-----------------------------------------------------------------
[10/06/2019 - 18:46:32] : USER --> id 3 - Fernández, Paco | ACTION --> Inicio de sesión  de pafer@gmail.com
-----------------------------------------------------------------
[10/06/2019 - 18:46:55] : USER --> id 3 - Fernández, Paco | ACTION --> Cierre de sesión  de pafer@gmail.com
-----------------------------------------------------------------
[10/06/2019 - 19:21:21] : USER --> id 3 - Fernández, Paco | ACTION --> Inicio de sesión  de pafer@gmail.com
-----------------------------------------------------------------
[10/06/2019 - 19:21:26] : USER --> id 3 - Fernández, Paco | ACTION --> Cierre de sesión  de pafer@gmail.com
-----------------------------------------------------------------
[10/06/2019 - 19:23:38] : USER --> id 3 - Fernández, Paco | ACTION --> Inicio de sesión  de pafer@gmail.com
-----------------------------------------------------------------
[10/06/2019 - 19:25:54] : USER --> id 3 - Fernández, Paco | ACTION --> Cierre de sesión  de pafer@gmail.com
-----------------------------------------------------------------
[12/06/2019 - 16:59:22] : USER --> id 3 - Fernández, Paco | ACTION --> Inicio de sesión  de pafer@gmail.com
-----------------------------------------------------------------
[12/06/2019 - 17:00:21] : USER --> id 3 - Fernández, Paco | ACTION --> Cierre de sesión  de pafer@gmail.com
-----------------------------------------------------------------
[12/06/2019 - 17:00:26] : USER --> id 3 - Fernández, Paco | ACTION --> Inicio de sesión  de pafer@gmail.com
-----------------------------------------------------------------
[12/06/2019 - 17:10:32] : USER --> id 3 - Fernández, Paco | ACTION --> Cierre de sesión  de pafer@gmail.com
-----------------------------------------------------------------
[12/06/2019 - 17:11:05] : USER --> id 3 - Fernández, Paco | ACTION --> Inicio de sesión  de pafer@gmail.com
-----------------------------------------------------------------
[15/06/2019 - 18:03:30] : USER --> id 3 - Fernández, Paco | ACTION --> Inicio de sesión  de pafer@gmail.com
-----------------------------------------------------------------
[15/06/2019 - 18:10:32] : USER --> id 3 - Fernández, Paco | ACTION --> Inicio de sesión  de pafer@gmail.com
-----------------------------------------------------------------
[16/06/2019 - 21:03:17] : USER --> id 1 - Sistemartínez, Alejadministrador | ACTION --> Inicio de sesión  de fernu@gmail.com
-----------------------------------------------------------------
[16/06/2019 - 21:08:12] : USER --> id 1 - Sistemartínez, Alejadministrador | ACTION --> Cierre de sesión  de fernu@gmail.com
-----------------------------------------------------------------
[16/06/2019 - 21:08:20] : USER --> id 3 - Fernández, Paco | ACTION --> Inicio de sesión  de pafer@gmail.com
-----------------------------------------------------------------
[16/06/2019 - 21:42:45] : USER --> id 3 - Fernández, Paco | ACTION --> Cierre de sesión  de pafer@gmail.com
-----------------------------------------------------------------
[16/06/2019 - 21:42:51] : USER --> id 3 - Fernández, Paco | ACTION --> Inicio de sesión  de pafer@gmail.com
-----------------------------------------------------------------
[16/06/2019 - 22:43:13] : USER --> id 3 - Fernández, Paco | ACTION --> Cierre de sesión  de pafer@gmail.com
-----------------------------------------------------------------
[16/06/2019 - 22:43:17] : USER --> id 1 - Sistemartínez, Alejadministrador | ACTION --> Inicio de sesión  de fernu@gmail.com
-----------------------------------------------------------------
[16/06/2019 - 22:43:33] : USER --> id 1 - Sistemartínez, Alejadministrador | ACTION --> Cierre de sesión  de fernu@gmail.com
-----------------------------------------------------------------
[16/06/2019 - 22:43:37] : USER --> id 3 - Fernández, Paco | ACTION --> Inicio de sesión  de pafer@gmail.com
-----------------------------------------------------------------
